Using pre-set license
Built from '2021.3/staging' branch; Version is '2021.3.8f1 (b30333d56e81) revision 11731763'; Using compiler version '192829333'; Build Type 'Release'
OS: 'Windows 10  (10.0.19044) 64bit Professional' Language: 'en' Physical Memory: 32718 MB
BatchMode: 1, IsHumanControllingUs: 0, StartBugReporterOnCrash: 0, Is64bit: 1, IsPro: 1

COMMAND LINE ARGUMENTS:
C:\Program Files\Unity\Hub\Editor\2021.3.8f1\Editor\Unity.exe
-adb2
-batchMode
-noUpm
-name
AssetImportWorker4
-projectPath
C:/Users/Philipp/Documents/GitHub/Maturaarbeit/My Game
-logFile
Logs/AssetImportWorker4.log
-srvPort
56223
Successfully changed project path to: C:/Users/Philipp/Documents/GitHub/Maturaarbeit/My Game
C:/Users/Philipp/Documents/GitHub/Maturaarbeit/My Game
[UnityMemory] Configuration Parameters - Can be set up in boot.config
    "memorysetup-bucket-allocator-granularity=16"
    "memorysetup-bucket-allocator-bucket-count=8"
    "memorysetup-bucket-allocator-block-size=33554432"
    "memorysetup-bucket-allocator-block-count=8"
    "memorysetup-main-allocator-block-size=16777216"
    "memorysetup-thread-allocator-block-size=16777216"
    "memorysetup-gfx-main-allocator-block-size=16777216"
    "memorysetup-gfx-thread-allocator-block-size=16777216"
    "memorysetup-cache-allocator-block-size=4194304"
    "memorysetup-typetree-allocator-block-size=2097152"
    "memorysetup-profiler-bucket-allocator-granularity=16"
    "memorysetup-profiler-bucket-allocator-bucket-count=8"
    "memorysetup-profiler-bucket-allocator-block-size=33554432"
    "memorysetup-profiler-bucket-allocator-block-count=8"
    "memorysetup-profiler-allocator-block-size=16777216"
    "memorysetup-profiler-editor-allocator-block-size=1048576"
    "memorysetup-temp-allocator-size-main=16777216"
    "memorysetup-job-temp-allocator-block-size=2097152"
    "memorysetup-job-temp-allocator-block-size-background=1048576"
    "memorysetup-job-temp-allocator-reduction-small-platforms=262144"
    "memorysetup-temp-allocator-size-background-worker=32768"
    "memorysetup-temp-allocator-size-job-worker=262144"
    "memorysetup-temp-allocator-size-preload-manager=33554432"
    "memorysetup-temp-allocator-size-nav-mesh-worker=65536"
    "memorysetup-temp-allocator-size-audio-worker=65536"
    "memorysetup-temp-allocator-size-cloud-worker=32768"
    "memorysetup-temp-allocator-size-gi-baking-worker=262144"
    "memorysetup-temp-allocator-size-gfx=262144"
Refreshing native plugins compatible for Editor in 124.39 ms, found 4 plugins.
Preloading 0 native plugins for Editor in 0.00 ms.
Initialize engine version: 2021.3.8f1 (b30333d56e81)
[Subsystems] Discovering subsystems at path C:/Program Files/Unity/Hub/Editor/2021.3.8f1/Editor/Data/Resources/UnitySubsystems
[Subsystems] Discovering subsystems at path C:/Users/Philipp/Documents/GitHub/Maturaarbeit/My Game/Assets
GfxDevice: creating device client; threaded=0; jobified=0
Direct3D:
    Version:  Direct3D 11.0 [level 11.1]
    Renderer: Radeon RX 570 Series (ID=0x67df)
    Vendor:   ATI
    VRAM:     8171 MB
    Driver:   30.0.13023.4001
Initialize mono
Mono path[0] = 'C:/Program Files/Unity/Hub/Editor/2021.3.8f1/Editor/Data/Managed'
Mono path[1] = 'C:/Program Files/Unity/Hub/Editor/2021.3.8f1/Editor/Data/MonoBleedingEdge/lib/mono/unityjit-win32'
Mono config path = 'C:/Program Files/Unity/Hub/Editor/2021.3.8f1/Editor/Data/MonoBleedingEdge/etc'
Using monoOptions --debugger-agent=transport=dt_socket,embedding=1,server=y,suspend=n,address=127.0.0.1:56252
Begin MonoManager ReloadAssembly
Registering precompiled unity dll's ...
Register platform support module: C:/Program Files/Unity/Hub/Editor/2021.3.8f1/Editor/Data/PlaybackEngines/WindowsStandaloneSupport/UnityEditor.WindowsStandalone.Extensions.dll
Registered in 0.007188 seconds.
Native extension for WindowsStandalone target not found
Refreshing native plugins compatible for Editor in 114.18 ms, found 4 plugins.
Preloading 0 native plugins for Editor in 0.00 ms.
Mono: successfully reloaded assembly
- Completed reload, in  0.668 seconds
Domain Reload Profiling:
	ReloadAssembly (668ms)
		BeginReloadAssembly (86ms)
			ExecutionOrderSort (0ms)
			DisableScriptedObjects (0ms)
			BackupInstance (0ms)
			ReleaseScriptingObjects (0ms)
			CreateAndSetChildDomain (1ms)
		EndReloadAssembly (469ms)
			LoadAssemblies (81ms)
			RebuildTransferFunctionScriptingTraits (0ms)
			SetupTypeCache (90ms)
			ReleaseScriptCaches (0ms)
			RebuildScriptCaches (30ms)
			SetupLoadedEditorAssemblies (295ms)
				LogAssemblyErrors (0ms)
				InitializePlatformSupportModulesInManaged (8ms)
				SetLoadedEditorAssemblies (0ms)
				RefreshPlugins (114ms)
				BeforeProcessingInitializeOnLoad (1ms)
				ProcessInitializeOnLoadAttributes (129ms)
				ProcessInitializeOnLoadMethodAttributes (42ms)
				AfterProcessingInitializeOnLoad (0ms)
				EditorAssembliesLoaded (0ms)
			ExecutionOrderSort2 (0ms)
			AwakeInstancesAfterBackupRestoration (0ms)
Platform modules already initialized, skipping
Registering precompiled user dll's ...
Registered in 0.013119 seconds.
Begin MonoManager ReloadAssembly
Symbol file LoadedFromMemory doesn't match image C:\Users\Philipp\Documents\GitHub\Maturaarbeit\My Game\Library\PackageCache\com.unity.visualscripting@1.7.8\Editor\VisualScripting.Core\Dependencies\YamlDotNet\Unity.VisualScripting.YamlDotNet.dll
Symbol file LoadedFromMemory doesn't match image C:\Users\Philipp\Documents\GitHub\Maturaarbeit\My Game\Library\PackageCache\com.unity.visualscripting@1.7.8\Editor\VisualScripting.Core\Dependencies\DotNetZip\Unity.VisualScripting.IonicZip.dll
Native extension for WindowsStandalone target not found
Refreshing native plugins compatible for Editor in 110.55 ms, found 4 plugins.
Preloading 0 native plugins for Editor in 0.00 ms.
Mono: successfully reloaded assembly
- Completed reload, in  1.344 seconds
Domain Reload Profiling:
	ReloadAssembly (1345ms)
		BeginReloadAssembly (131ms)
			ExecutionOrderSort (0ms)
			DisableScriptedObjects (6ms)
			BackupInstance (0ms)
			ReleaseScriptingObjects (0ms)
			CreateAndSetChildDomain (23ms)
		EndReloadAssembly (1076ms)
			LoadAssemblies (111ms)
			RebuildTransferFunctionScriptingTraits (0ms)
			SetupTypeCache (232ms)
			ReleaseScriptCaches (1ms)
			RebuildScriptCaches (68ms)
			SetupLoadedEditorAssemblies (619ms)
				LogAssemblyErrors (0ms)
				InitializePlatformSupportModulesInManaged (5ms)
				SetLoadedEditorAssemblies (0ms)
				RefreshPlugins (111ms)
				BeforeProcessingInitializeOnLoad (128ms)
				ProcessInitializeOnLoadAttributes (325ms)
				ProcessInitializeOnLoadMethodAttributes (36ms)
				AfterProcessingInitializeOnLoad (14ms)
				EditorAssembliesLoaded (0ms)
			ExecutionOrderSort2 (0ms)
			AwakeInstancesAfterBackupRestoration (7ms)
Platform modules already initialized, skipping
========================================================================
Worker process is ready to serve import requests
Launched and connected shader compiler UnityShaderCompiler.exe after 0.05 seconds
Refreshing native plugins compatible for Editor in 1.03 ms, found 4 plugins.
Preloading 0 native plugins for Editor in 0.00 ms.
Unloading 4601 Unused Serialized files (Serialized files now loaded: 0)
Unloading 55 unused Assets / (128.9 KB). Loaded Objects now: 5057.
Memory consumption went from 173.3 MB to 173.2 MB.
Total: 3.473700 ms (FindLiveObjects: 0.381000 ms CreateObjectMapping: 0.108900 ms MarkObjects: 2.882600 ms  DeleteObjects: 0.100500 ms)

AssetImportParameters requested are different than current active one (requested -> active):
  custom:video-decoder-ogg-theora: a1e56fd34408186e4bbccfd4996cb3dc -> 
  custom:container-muxer-webm: aa71ff27fc2769a1b78a27578f13a17b -> 
  custom:container-demuxer-webm: 4f35f7cbe854078d1ac9338744f61a02 -> 
  custom:video-encoder-webm-vp8: eb34c28f22e8b96e1ab97ce403110664 -> 
  custom:audio-encoder-webm-vorbis: bf7c407c2cedff20999df2af8eb42d56 -> 
  custom:framework-win-MediaFoundation: 216162199b28c13a410421893ffa2e32 -> 
  custom:container-demuxer-ogg: 62fdf1f143b41e24485cea50d1cbac27 -> 
  custom:video-decoder-webm-vp8: 9c59270c3fd7afecdb556c50c9e8de78 -> 
  custom:audio-decoder-ogg-vorbis: bf7c407c2cedff20999df2af8eb42d56 -> 
========================================================================
Received Import Request.
  Time since last request: 1922.539983 seconds.
  path: Assets/Sprites/Dark Cave/Vegetation/Grass5
  artifactKey: Guid(3458b9d8bf00b9940994d46edf6d1857) Importer(815301076,1909f56bfc062723c751e8b465ee728b)
Start importing Assets/Sprites/Dark Cave/Vegetation/Grass5 using Guid(3458b9d8bf00b9940994d46edf6d1857) Importer(815301076,1909f56bfc062723c751e8b465ee728b)  -> (artifact id: 'b8531e6fd1c299f95996414e26914e83') in 0.012609 seconds 
========================================================================
Received Import Request.
  Time since last request: 0.461176 seconds.
  path: Assets/Sprites/Dark Cave/Vegetation/Group Plant
  artifactKey: Guid(8f58dca70cfea3041bddb13f2693e540) Importer(815301076,1909f56bfc062723c751e8b465ee728b)
Start importing Assets/Sprites/Dark Cave/Vegetation/Group Plant using Guid(8f58dca70cfea3041bddb13f2693e540) Importer(815301076,1909f56bfc062723c751e8b465ee728b)  -> (artifact id: '6d45e2f9eaecb1006f3a9f1aeefc18b5') in 0.005649 seconds 
========================================================================
Received Import Request.
  Time since last request: 0.047291 seconds.
  path: Assets/Sprites/Dark Cave/Vegetation/Group Plant/GroupPlants_00000.png
  artifactKey: Guid(beb9402496770034f8cb68a7e8d1d89c) Importer(815301076,1909f56bfc062723c751e8b465ee728b)
Start importing Assets/Sprites/Dark Cave/Vegetation/Group Plant/GroupPlants_00000.png using Guid(beb9402496770034f8cb68a7e8d1d89c) Importer(815301076,1909f56bfc062723c751e8b465ee728b)  -> (artifact id: 'd3966de1b4d3b1318a07fe6eca0d409b') in 0.122656 seconds 
========================================================================
Received Import Request.
  Time since last request: 0.000022 seconds.
  path: Assets/Sprites/Dark Cave/Vegetation/Group Plant/GroupPlants_00038.png
  artifactKey: Guid(d62afcab2941c3c49a3f6acee4214c45) Importer(815301076,1909f56bfc062723c751e8b465ee728b)
Start importing Assets/Sprites/Dark Cave/Vegetation/Group Plant/GroupPlants_00038.png using Guid(d62afcab2941c3c49a3f6acee4214c45) Importer(815301076,1909f56bfc062723c751e8b465ee728b)  -> (artifact id: 'e90950bf482a1beb59e060add926425c') in 0.026428 seconds 
========================================================================
Received Import Request.
  Time since last request: 0.000032 seconds.
  path: Assets/Sprites/Dark Cave/Vegetation/Group Plant/GroupPlants_00040.png
  artifactKey: Guid(9bb2d90f5557adc4293f7bab4bfe5698) Importer(815301076,1909f56bfc062723c751e8b465ee728b)
Start importing Assets/Sprites/Dark Cave/Vegetation/Group Plant/GroupPlants_00040.png using Guid(9bb2d90f5557adc4293f7bab4bfe5698) Importer(815301076,1909f56bfc062723c751e8b465ee728b)  -> (artifact id: '40a176f37bab5bfe9580e7d89a8f0490') in 0.025994 seconds 
========================================================================
Received Import Request.
  Time since last request: 0.000021 seconds.
  path: Assets/Sprites/Dark Cave/Vegetation/Group Plant/GroupPlants_00010.png
  artifactKey: Guid(d95214c816cd33048bb53d8c152ef6de) Importer(815301076,1909f56bfc062723c751e8b465ee728b)
Start importing Assets/Sprites/Dark Cave/Vegetation/Group Plant/GroupPlants_00010.png using Guid(d95214c816cd33048bb53d8c152ef6de) Importer(815301076,1909f56bfc062723c751e8b465ee728b)  -> (artifact id: '50e4ffb7a803171b1a9c799c614d93d5') in 0.027472 seconds 
========================================================================
Received Import Request.
  Time since last request: 0.000028 seconds.
  path: Assets/Sprites/Dark Cave/Vegetation/Group Plant/GroupPlants_00024.png
  artifactKey: Guid(375b3877799f44a4b8bd50d9d65ffb49) Importer(815301076,1909f56bfc062723c751e8b465ee728b)
Start importing Assets/Sprites/Dark Cave/Vegetation/Group Plant/GroupPlants_00024.png using Guid(375b3877799f44a4b8bd50d9d65ffb49) Importer(815301076,1909f56bfc062723c751e8b465ee728b)  -> (artifact id: '9dc0c4e8f1a89876d3ee3777d09e9cca') in 0.028748 seconds 
========================================================================
Received Import Request.
  Time since last request: 0.000026 seconds.
  path: Assets/Sprites/Dark Cave/Vegetation/Group Plant/GroupPlants_00030.png
  artifactKey: Guid(f80c516328f346f4c83523753a3cf447) Importer(815301076,1909f56bfc062723c751e8b465ee728b)
Start importing Assets/Sprites/Dark Cave/Vegetation/Group Plant/GroupPlants_00030.png using Guid(f80c516328f346f4c83523753a3cf447) Importer(815301076,1909f56bfc062723c751e8b465ee728b)  -> (artifact id: '6daf2e1188499c6f0c036b9f34303238') in 0.025902 seconds 
========================================================================
Received Import Request.
  Time since last request: 0.000033 seconds.
  path: Assets/Sprites/Dark Cave/Vegetation/Group Plant/GroupPlants_00012.png
  artifactKey: Guid(588c7814141d7dc498c07509b32abbf4) Importer(815301076,1909f56bfc062723c751e8b465ee728b)
Start importing Assets/Sprites/Dark Cave/Vegetation/Group Plant/GroupPlants_00012.png using Guid(588c7814141d7dc498c07509b32abbf4) Importer(815301076,1909f56bfc062723c751e8b465ee728b)  -> (artifact id: '7364aa83a2ef76083b5c1cd701caeea3') in 0.026913 seconds 
========================================================================
Received Import Request.
  Time since last request: 0.000021 seconds.
  path: Assets/Sprites/Dark Cave/Vegetation/Group Plant/GroupPlants_00032.png
  artifactKey: Guid(401642d4c582aca45bfe69246530011c) Importer(815301076,1909f56bfc062723c751e8b465ee728b)
Start importing Assets/Sprites/Dark Cave/Vegetation/Group Plant/GroupPlants_00032.png using Guid(401642d4c582aca45bfe69246530011c) Importer(815301076,1909f56bfc062723c751e8b465ee728b)  -> (artifact id: '053b96b044848c986d2356254477968d') in 0.026925 seconds 
========================================================================
Received Import Request.
  Time since last request: 0.000017 seconds.
  path: Assets/Sprites/Dark Cave/Vegetation/Group Plant/GroupPlants_00021.png
  artifactKey: Guid(f931025da35ecc04a9041e7f35d375b3) Importer(815301076,1909f56bfc062723c751e8b465ee728b)
Start importing Assets/Sprites/Dark Cave/Vegetation/Group Plant/GroupPlants_00021.png using Guid(f931025da35ecc04a9041e7f35d375b3) Importer(815301076,1909f56bfc062723c751e8b465ee728b)  -> (artifact id: '3d8be8739272122a3f9b8b314228dbce') in 0.027467 seconds 
========================================================================
Received Import Request.
  Time since last request: 0.000018 seconds.
  path: Assets/Sprites/Dark Cave/Vegetation/Group Plant/GroupPlants_00027.png
  artifactKey: Guid(a225e38dc75fe794a8f92868a85b0ef5) Importer(815301076,1909f56bfc062723c751e8b465ee728b)
Start importing Assets/Sprites/Dark Cave/Vegetation/Group Plant/GroupPlants_00027.png using Guid(a225e38dc75fe794a8f92868a85b0ef5) Importer(815301076,1909f56bfc062723c751e8b465ee728b)  -> (artifact id: 'e3c173c5e5d84225cf9bc4a12ee1075c') in 0.026948 seconds 
========================================================================
Received Import Request.
  Time since last request: 0.000022 seconds.
  path: Assets/Sprites/Dark Cave/Vegetation/Group Plant/GroupPlants_00009.png
  artifactKey: Guid(63195d55526dc794d99e6e2fdd50c76c) Importer(815301076,1909f56bfc062723c751e8b465ee728b)
Start importing Assets/Sprites/Dark Cave/Vegetation/Group Plant/GroupPlants_00009.png using Guid(63195d55526dc794d99e6e2fdd50c76c) Importer(815301076,1909f56bfc062723c751e8b465ee728b)  -> (artifact id: '0f90eebac138b03471c1f4f0fcd344b6') in 0.036218 seconds 
========================================================================
Received Import Request.
  Time since last request: 0.000022 seconds.
  path: Assets/Sprites/Dark Cave/Vegetation/Group Plant/GroupPlants_00033.png
  artifactKey: Guid(ec4ae9a756aca7649a47880ab744a3da) Importer(815301076,1909f56bfc062723c751e8b465ee728b)
Start importing Assets/Sprites/Dark Cave/Vegetation/Group Plant/GroupPlants_00033.png using Guid(ec4ae9a756aca7649a47880ab744a3da) Importer(815301076,1909f56bfc062723c751e8b465ee728b)  -> (artifact id: '68dd8d6ff600442b24c13d49e12ae0f8') in 0.025625 seconds 
========================================================================
Received Import Request.
  Time since last request: 0.000023 seconds.
  path: Assets/Sprites/Dark Cave/Vegetation/Group Plant/GroupPlants_00018.png
  artifactKey: Guid(313e1a598e8a56e44b6fb5989397eeea) Importer(815301076,1909f56bfc062723c751e8b465ee728b)
Start importing Assets/Sprites/Dark Cave/Vegetation/Group Plant/GroupPlants_00018.png using Guid(313e1a598e8a56e44b6fb5989397eeea) Importer(815301076,1909f56bfc062723c751e8b465ee728b)  -> (artifact id: '5b4ae07cd022f5f993c5f1feeae37422') in 0.026733 seconds 
========================================================================
Received Import Request.
  Time since last request: 0.000022 seconds.
  path: Assets/Sprites/Dark Cave/Vegetation/Group Plant/GroupPlants_00008.png
  artifactKey: Guid(16572be31b1503c4e8316d9735ad942c) Importer(815301076,1909f56bfc062723c751e8b465ee728b)
Start importing Assets/Sprites/Dark Cave/Vegetation/Group Plant/GroupPlants_00008.png using Guid(16572be31b1503c4e8316d9735ad942c) Importer(815301076,1909f56bfc062723c751e8b465ee728b)  -> (artifact id: '9a64d1a7477bd71d57b6ca32fa26b17d') in 0.027169 seconds 
========================================================================
Received Import Request.
  Time since last request: 1.803564 seconds.
  path: Assets/Sprites/Dark Cave/Vegetation/Grass5/Plant4.psd
  artifactKey: Guid(53dc0bf0c74662048bcccf03b62f9685) Importer(815301076,1909f56bfc062723c751e8b465ee728b)
Start importing Assets/Sprites/Dark Cave/Vegetation/Grass5/Plant4.psd using Guid(53dc0bf0c74662048bcccf03b62f9685) Importer(815301076,1909f56bfc062723c751e8b465ee728b)  -> (artifact id: '45da0412dc59d8655166dd74619d708c') in 0.101864 seconds 
========================================================================
Received Import Request.
  Time since last request: 0.000018 seconds.
  path: Assets/Sprites/Dark Cave/Vegetation/Grass5/Plant5_00032.png
  artifactKey: Guid(b5eda24a5dd666d4eb0e759e5e4432d4) Importer(815301076,1909f56bfc062723c751e8b465ee728b)
Start importing Assets/Sprites/Dark Cave/Vegetation/Grass5/Plant5_00032.png using Guid(b5eda24a5dd666d4eb0e759e5e4432d4) Importer(815301076,1909f56bfc062723c751e8b465ee728b)  -> (artifact id: 'ee14d46d2e1009e946389f79b0a9ead1') in 0.067890 seconds 
========================================================================
Received Import Request.
  Time since last request: 0.000026 seconds.
  path: Assets/Sprites/Dark Cave/Vegetation/Grass5/Plant5_00008.png
  artifactKey: Guid(c8014a33b281f49449e2d4c733cedb03) Importer(815301076,1909f56bfc062723c751e8b465ee728b)
Start importing Assets/Sprites/Dark Cave/Vegetation/Grass5/Plant5_00008.png using Guid(c8014a33b281f49449e2d4c733cedb03) Importer(815301076,1909f56bfc062723c751e8b465ee728b)  -> (artifact id: 'f16399f57e19bb68900339755915db64') in 0.068064 seconds 
========================================================================
Received Import Request.
  Time since last request: 0.000023 seconds.
  path: Assets/Sprites/Dark Cave/Vegetation/Grass5/Plant5_00012.png
  artifactKey: Guid(339fa2610aa05af41b63e6ffa503e5ae) Importer(815301076,1909f56bfc062723c751e8b465ee728b)
Start importing Assets/Sprites/Dark Cave/Vegetation/Grass5/Plant5_00012.png using Guid(339fa2610aa05af41b63e6ffa503e5ae) Importer(815301076,1909f56bfc062723c751e8b465ee728b)  -> (artifact id: 'ac3ea9a96a9b10d4b530f233ca018fcc') in 0.068709 seconds 
========================================================================
Received Import Request.
  Time since last request: 0.000024 seconds.
  path: Assets/Sprites/Dark Cave/Vegetation/Grass5/Plant5_00017.png
  artifactKey: Guid(0f296472f469f3a42a0da01befa42dad) Importer(815301076,1909f56bfc062723c751e8b465ee728b)
Start importing Assets/Sprites/Dark Cave/Vegetation/Grass5/Plant5_00017.png using Guid(0f296472f469f3a42a0da01befa42dad) Importer(815301076,1909f56bfc062723c751e8b465ee728b)  -> (artifact id: '1fb0931c8286367dc61cbe76123096fe') in 0.069091 seconds 
========================================================================
Received Import Request.
  Time since last request: 0.000025 seconds.
  path: Assets/Sprites/Dark Cave/Vegetation/Grass5/Plant5_00003.png
  artifactKey: Guid(b418504012241c14e9b272e4508175f2) Importer(815301076,1909f56bfc062723c751e8b465ee728b)
Start importing Assets/Sprites/Dark Cave/Vegetation/Grass5/Plant5_00003.png using Guid(b418504012241c14e9b272e4508175f2) Importer(815301076,1909f56bfc062723c751e8b465ee728b)  -> (artifact id: '39e18648f0136c88b52a09d41186721e') in 0.074089 seconds 
========================================================================
Received Import Request.
  Time since last request: 0.000054 seconds.
  path: Assets/Sprites/Dark Cave/Vegetation/Grass5/Plant5_00030.png
  artifactKey: Guid(9941b1414b94053419d797658f2d5392) Importer(815301076,1909f56bfc062723c751e8b465ee728b)
Start importing Assets/Sprites/Dark Cave/Vegetation/Grass5/Plant5_00030.png using Guid(9941b1414b94053419d797658f2d5392) Importer(815301076,1909f56bfc062723c751e8b465ee728b)  -> (artifact id: '7ce4d62d0850c34e4deed21b0a3d4e61') in 0.067685 seconds 
========================================================================
Received Import Request.
  Time since last request: 0.000020 seconds.
  path: Assets/Sprites/Dark Cave/Vegetation/Grass5/Plant5_00007.png
  artifactKey: Guid(30288cb5a8796b5459139a418a08a6f1) Importer(815301076,1909f56bfc062723c751e8b465ee728b)
Start importing Assets/Sprites/Dark Cave/Vegetation/Grass5/Plant5_00007.png using Guid(30288cb5a8796b5459139a418a08a6f1) Importer(815301076,1909f56bfc062723c751e8b465ee728b)  -> (artifact id: 'bb7fba20cc7be5b1d6d261727951cb79') in 0.073401 seconds 
========================================================================
Received Import Request.
  Time since last request: 0.000019 seconds.
  path: Assets/Sprites/Dark Cave/Vegetation/Grass5/Plant5_00028.png
  artifactKey: Guid(892b9b8707b41ca4c8a741eb2706a375) Importer(815301076,1909f56bfc062723c751e8b465ee728b)
Start importing Assets/Sprites/Dark Cave/Vegetation/Grass5/Plant5_00028.png using Guid(892b9b8707b41ca4c8a741eb2706a375) Importer(815301076,1909f56bfc062723c751e8b465ee728b)  -> (artifact id: '8cfa7601403bcb6e432c5faf21585024') in 0.068444 seconds 
========================================================================
Received Import Request.
  Time since last request: 0.000023 seconds.
  path: Assets/Sprites/Dark Cave/Vegetation/Grass5/Plant5_00025.png
  artifactKey: Guid(e9fcfa9e139e69a45895e8af1c985fc4) Importer(815301076,1909f56bfc062723c751e8b465ee728b)
Start importing Assets/Sprites/Dark Cave/Vegetation/Grass5/Plant5_00025.png using Guid(e9fcfa9e139e69a45895e8af1c985fc4) Importer(815301076,1909f56bfc062723c751e8b465ee728b)  -> (artifact id: '479314a45ad7dc81c6f3baced102f461') in 0.068442 seconds 
========================================================================
Received Import Request.
  Time since last request: 0.000030 seconds.
  path: Assets/Sprites/Dark Cave/Vegetation/Grass5/Plant5_00036.png
  artifactKey: Guid(e814628c47756e5479a6086c8f170397) Importer(815301076,1909f56bfc062723c751e8b465ee728b)
Start importing Assets/Sprites/Dark Cave/Vegetation/Grass5/Plant5_00036.png using Guid(e814628c47756e5479a6086c8f170397) Importer(815301076,1909f56bfc062723c751e8b465ee728b)  -> (artifact id: 'c33a6247428086669799a04c8f671580') in 0.065475 seconds 
========================================================================
Received Import Request.
  Time since last request: 0.000016 seconds.
  path: Assets/Sprites/Dark Cave/Vegetation/Grass5/Plant5_00039.png
  artifactKey: Guid(92b37d66ffe74734c95fc33351f34b7e) Importer(815301076,1909f56bfc062723c751e8b465ee728b)
Start importing Assets/Sprites/Dark Cave/Vegetation/Grass5/Plant5_00039.png using Guid(92b37d66ffe74734c95fc33351f34b7e) Importer(815301076,1909f56bfc062723c751e8b465ee728b)  -> (artifact id: '4189659f4a7969e20caf14a610d82e03') in 0.067128 seconds 
========================================================================
Received Import Request.
  Time since last request: 0.000018 seconds.
  path: Assets/Sprites/Dark Cave/Vegetation/Grass5/Plant5_00024.png
  artifactKey: Guid(6708bafb65c0d3e4bba493c6f14a9bbd) Importer(815301076,1909f56bfc062723c751e8b465ee728b)
Start importing Assets/Sprites/Dark Cave/Vegetation/Grass5/Plant5_00024.png using Guid(6708bafb65c0d3e4bba493c6f14a9bbd) Importer(815301076,1909f56bfc062723c751e8b465ee728b)  -> (artifact id: 'a52e16f2e50553e05df58da022eb95ac') in 0.067868 seconds 
========================================================================
Received Import Request.
  Time since last request: 0.000019 seconds.
  path: Assets/Sprites/Dark Cave/Vegetation/Grass5/Plant5_00021.png
  artifactKey: Guid(a2aec41a64bd6974fa2a6b0056e950ac) Importer(815301076,1909f56bfc062723c751e8b465ee728b)
Start importing Assets/Sprites/Dark Cave/Vegetation/Grass5/Plant5_00021.png using Guid(a2aec41a64bd6974fa2a6b0056e950ac) Importer(815301076,1909f56bfc062723c751e8b465ee728b)  -> (artifact id: '4ecffa1eb64767a39eb220c02ac78503') in 0.072666 seconds 
