Using pre-set license
Built from '2021.3/staging' branch; Version is '2021.3.8f1 (b30333d56e81) revision 11731763'; Using compiler version '192829333'; Build Type 'Release'
OS: 'Windows 10  (10.0.19044) 64bit Professional' Language: 'en' Physical Memory: 32718 MB
BatchMode: 1, IsHumanControllingUs: 0, StartBugReporterOnCrash: 0, Is64bit: 1, IsPro: 1

COMMAND LINE ARGUMENTS:
C:\Program Files\Unity\Hub\Editor\2021.3.8f1\Editor\Unity.exe
-adb2
-batchMode
-noUpm
-name
AssetImportWorker2
-projectPath
C:/Users/Philipp/Documents/GitHub/Maturaarbeit/My Game
-logFile
Logs/AssetImportWorker2.log
-srvPort
54621
Successfully changed project path to: C:/Users/Philipp/Documents/GitHub/Maturaarbeit/My Game
C:/Users/Philipp/Documents/GitHub/Maturaarbeit/My Game
[UnityMemory] Configuration Parameters - Can be set up in boot.config
    "memorysetup-bucket-allocator-granularity=16"
    "memorysetup-bucket-allocator-bucket-count=8"
    "memorysetup-bucket-allocator-block-size=33554432"
    "memorysetup-bucket-allocator-block-count=8"
    "memorysetup-main-allocator-block-size=16777216"
    "memorysetup-thread-allocator-block-size=16777216"
    "memorysetup-gfx-main-allocator-block-size=16777216"
    "memorysetup-gfx-thread-allocator-block-size=16777216"
    "memorysetup-cache-allocator-block-size=4194304"
    "memorysetup-typetree-allocator-block-size=2097152"
    "memorysetup-profiler-bucket-allocator-granularity=16"
    "memorysetup-profiler-bucket-allocator-bucket-count=8"
    "memorysetup-profiler-bucket-allocator-block-size=33554432"
    "memorysetup-profiler-bucket-allocator-block-count=8"
    "memorysetup-profiler-allocator-block-size=16777216"
    "memorysetup-profiler-editor-allocator-block-size=1048576"
    "memorysetup-temp-allocator-size-main=16777216"
    "memorysetup-job-temp-allocator-block-size=2097152"
    "memorysetup-job-temp-allocator-block-size-background=1048576"
    "memorysetup-job-temp-allocator-reduction-small-platforms=262144"
    "memorysetup-temp-allocator-size-background-worker=32768"
    "memorysetup-temp-allocator-size-job-worker=262144"
    "memorysetup-temp-allocator-size-preload-manager=33554432"
    "memorysetup-temp-allocator-size-nav-mesh-worker=65536"
    "memorysetup-temp-allocator-size-audio-worker=65536"
    "memorysetup-temp-allocator-size-cloud-worker=32768"
    "memorysetup-temp-allocator-size-gi-baking-worker=262144"
    "memorysetup-temp-allocator-size-gfx=262144"
Refreshing native plugins compatible for Editor in 124.15 ms, found 4 plugins.
Preloading 0 native plugins for Editor in 0.00 ms.
Initialize engine version: 2021.3.8f1 (b30333d56e81)
[Subsystems] Discovering subsystems at path C:/Program Files/Unity/Hub/Editor/2021.3.8f1/Editor/Data/Resources/UnitySubsystems
[Subsystems] Discovering subsystems at path C:/Users/Philipp/Documents/GitHub/Maturaarbeit/My Game/Assets
GfxDevice: creating device client; threaded=0; jobified=0
Direct3D:
    Version:  Direct3D 11.0 [level 11.1]
    Renderer: Radeon RX 570 Series (ID=0x67df)
    Vendor:   ATI
    VRAM:     8170 MB
    Driver:   31.0.12027.7000
Initialize mono
Mono path[0] = 'C:/Program Files/Unity/Hub/Editor/2021.3.8f1/Editor/Data/Managed'
Mono path[1] = 'C:/Program Files/Unity/Hub/Editor/2021.3.8f1/Editor/Data/MonoBleedingEdge/lib/mono/unityjit-win32'
Mono config path = 'C:/Program Files/Unity/Hub/Editor/2021.3.8f1/Editor/Data/MonoBleedingEdge/etc'
Using monoOptions --debugger-agent=transport=dt_socket,embedding=1,server=y,suspend=n,address=127.0.0.1:56556
Begin MonoManager ReloadAssembly
Registering precompiled unity dll's ...
Register platform support module: C:/Program Files/Unity/Hub/Editor/2021.3.8f1/Editor/Data/PlaybackEngines/WindowsStandaloneSupport/UnityEditor.WindowsStandalone.Extensions.dll
Registered in 0.009413 seconds.
Native extension for WindowsStandalone target not found
Refreshing native plugins compatible for Editor in 122.58 ms, found 4 plugins.
Preloading 0 native plugins for Editor in 0.00 ms.
Mono: successfully reloaded assembly
- Completed reload, in  0.741 seconds
Domain Reload Profiling:
	ReloadAssembly (742ms)
		BeginReloadAssembly (80ms)
			ExecutionOrderSort (0ms)
			DisableScriptedObjects (0ms)
			BackupInstance (0ms)
			ReleaseScriptingObjects (0ms)
			CreateAndSetChildDomain (1ms)
		EndReloadAssembly (515ms)
			LoadAssemblies (76ms)
			RebuildTransferFunctionScriptingTraits (0ms)
			SetupTypeCache (102ms)
			ReleaseScriptCaches (0ms)
			RebuildScriptCaches (32ms)
			SetupLoadedEditorAssemblies (325ms)
				LogAssemblyErrors (0ms)
				InitializePlatformSupportModulesInManaged (8ms)
				SetLoadedEditorAssemblies (0ms)
				RefreshPlugins (123ms)
				BeforeProcessingInitializeOnLoad (1ms)
				ProcessInitializeOnLoadAttributes (142ms)
				ProcessInitializeOnLoadMethodAttributes (50ms)
				AfterProcessingInitializeOnLoad (0ms)
				EditorAssembliesLoaded (0ms)
			ExecutionOrderSort2 (0ms)
			AwakeInstancesAfterBackupRestoration (0ms)
Platform modules already initialized, skipping
Registering precompiled user dll's ...
Registered in 0.012671 seconds.
Begin MonoManager ReloadAssembly
Symbol file LoadedFromMemory doesn't match image C:\Users\Philipp\Documents\GitHub\Maturaarbeit\My Game\Library\PackageCache\com.unity.visualscripting@1.7.8\Editor\VisualScripting.Core\Dependencies\YamlDotNet\Unity.VisualScripting.YamlDotNet.dll
Symbol file LoadedFromMemory doesn't match image C:\Users\Philipp\Documents\GitHub\Maturaarbeit\My Game\Library\PackageCache\com.unity.visualscripting@1.7.8\Editor\VisualScripting.Core\Dependencies\DotNetZip\Unity.VisualScripting.IonicZip.dll
Native extension for WindowsStandalone target not found
Refreshing native plugins compatible for Editor in 110.06 ms, found 4 plugins.
Preloading 0 native plugins for Editor in 0.00 ms.
Mono: successfully reloaded assembly
- Completed reload, in  1.278 seconds
Domain Reload Profiling:
	ReloadAssembly (1279ms)
		BeginReloadAssembly (108ms)
			ExecutionOrderSort (0ms)
			DisableScriptedObjects (5ms)
			BackupInstance (0ms)
			ReleaseScriptingObjects (0ms)
			CreateAndSetChildDomain (19ms)
		EndReloadAssembly (1058ms)
			LoadAssemblies (87ms)
			RebuildTransferFunctionScriptingTraits (0ms)
			SetupTypeCache (253ms)
			ReleaseScriptCaches (1ms)
			RebuildScriptCaches (65ms)
			SetupLoadedEditorAssemblies (609ms)
				LogAssemblyErrors (0ms)
				InitializePlatformSupportModulesInManaged (4ms)
				SetLoadedEditorAssemblies (0ms)
				RefreshPlugins (110ms)
				BeforeProcessingInitializeOnLoad (118ms)
				ProcessInitializeOnLoadAttributes (329ms)
				ProcessInitializeOnLoadMethodAttributes (39ms)
				AfterProcessingInitializeOnLoad (9ms)
				EditorAssembliesLoaded (0ms)
			ExecutionOrderSort2 (0ms)
			AwakeInstancesAfterBackupRestoration (6ms)
Platform modules already initialized, skipping
========================================================================
Worker process is ready to serve import requests
Launched and connected shader compiler UnityShaderCompiler.exe after 0.05 seconds
Refreshing native plugins compatible for Editor in 1.05 ms, found 4 plugins.
Preloading 0 native plugins for Editor in 0.00 ms.
Unloading 4616 Unused Serialized files (Serialized files now loaded: 0)
Unloading 55 unused Assets / (128.4 KB). Loaded Objects now: 5089.
Memory consumption went from 258.4 MB to 258.3 MB.
Total: 3.703000 ms (FindLiveObjects: 0.405800 ms CreateObjectMapping: 0.112500 ms MarkObjects: 3.063500 ms  DeleteObjects: 0.120100 ms)

AssetImportParameters requested are different than current active one (requested -> active):
  custom:video-decoder-ogg-theora: a1e56fd34408186e4bbccfd4996cb3dc -> 
  custom:container-muxer-webm: aa71ff27fc2769a1b78a27578f13a17b -> 
  custom:container-demuxer-webm: 4f35f7cbe854078d1ac9338744f61a02 -> 
  custom:video-encoder-webm-vp8: eb34c28f22e8b96e1ab97ce403110664 -> 
  custom:audio-encoder-webm-vorbis: bf7c407c2cedff20999df2af8eb42d56 -> 
  custom:framework-win-MediaFoundation: 216162199b28c13a410421893ffa2e32 -> 
  custom:container-demuxer-ogg: 62fdf1f143b41e24485cea50d1cbac27 -> 
  custom:video-decoder-webm-vp8: 9c59270c3fd7afecdb556c50c9e8de78 -> 
  custom:audio-decoder-ogg-vorbis: bf7c407c2cedff20999df2af8eb42d56 -> 
========================================================================
Received Import Request.
  Time since last request: 15442.598461 seconds.
  path: Assets/Sprites/Slimebiome/Plant Animations/PlantJump2
  artifactKey: Guid(401ba546220138d4fbc71b635cef1dfe) Importer(815301076,1909f56bfc062723c751e8b465ee728b)
Start importing Assets/Sprites/Slimebiome/Plant Animations/PlantJump2 using Guid(401ba546220138d4fbc71b635cef1dfe) Importer(815301076,1909f56bfc062723c751e8b465ee728b)  -> (artifact id: 'ff426900ba95f74998da375e310bd288') in 0.013120 seconds 
========================================================================
Received Import Request.
  Time since last request: 153.219352 seconds.
  path: Assets/Animations/Plants
  artifactKey: Guid(28c570c9b6101e347b6a0e114f251f92) Importer(815301076,1909f56bfc062723c751e8b465ee728b)
Start importing Assets/Animations/Plants using Guid(28c570c9b6101e347b6a0e114f251f92) Importer(815301076,1909f56bfc062723c751e8b465ee728b)  -> (artifact id: '20a680a51187c8318c53608d76b666fb') in 0.005824 seconds 
========================================================================
Received Import Request.
  Time since last request: 35.933504 seconds.
  path: Assets/Animations/Plants/asdfasdfasd.controller
  artifactKey: Guid(c700941db429c994bbc87c20fa256800) Importer(815301076,1909f56bfc062723c751e8b465ee728b)
Start importing Assets/Animations/Plants/asdfasdfasd.controller using Guid(c700941db429c994bbc87c20fa256800) Importer(815301076,1909f56bfc062723c751e8b465ee728b)  -> (artifact id: 'c8389872799cecca05933c108fdc0249') in 0.027815 seconds 
========================================================================
Received Import Request.
  Time since last request: 7.134100 seconds.
  path: Assets/Animations/Plants/Anemone.controller
  artifactKey: Guid(c700941db429c994bbc87c20fa256800) Importer(815301076,1909f56bfc062723c751e8b465ee728b)
Start importing Assets/Animations/Plants/Anemone.controller using Guid(c700941db429c994bbc87c20fa256800) Importer(815301076,1909f56bfc062723c751e8b465ee728b)  -> (artifact id: '83e9ca95c55b20583d5baa43c3dfed61') in 0.005592 seconds 
========================================================================
Received Import Request.
  Time since last request: 168.174466 seconds.
  path: Assets/Animations/Plants/AnemoneAnimation.anim
  artifactKey: Guid(b67605207c32e134a9346e31a9ff69ee) Importer(815301076,1909f56bfc062723c751e8b465ee728b)
Start importing Assets/Animations/Plants/AnemoneAnimation.anim using Guid(b67605207c32e134a9346e31a9ff69ee) Importer(815301076,1909f56bfc062723c751e8b465ee728b)  -> (artifact id: '45fb1ce2acdf84e70000e913a777bef3') in 0.008565 seconds 
========================================================================
Received Import Request.
  Time since last request: 70.128309 seconds.
  path: Assets/Sprites/Slimebiome/Plant Animations/PlantJump
  artifactKey: Guid(5602f01c6c550ca4b87800ce3946489f) Importer(815301076,1909f56bfc062723c751e8b465ee728b)
Start importing Assets/Sprites/Slimebiome/Plant Animations/PlantJump using Guid(5602f01c6c550ca4b87800ce3946489f) Importer(815301076,1909f56bfc062723c751e8b465ee728b)  -> (artifact id: '11f580da6ea9da629732b170c83018c2') in 0.006666 seconds 
========================================================================
Received Import Request.
  Time since last request: 280.215423 seconds.
  path: Assets/Prefab/Player.prefab
  artifactKey: Guid(b820d70e45d9796469a6ad95513f9b4b) Importer(815301076,1909f56bfc062723c751e8b465ee728b)
Start importing Assets/Prefab/Player.prefab using Guid(b820d70e45d9796469a6ad95513f9b4b) Importer(815301076,1909f56bfc062723c751e8b465ee728b)  -> (artifact id: '47aae7939fc2daaa483141d4e4395481') in 0.111568 seconds 
========================================================================
Received Import Request.
  Time since last request: 1.729705 seconds.
  path: Assets/Prefab/Anemone.prefab
  artifactKey: Guid(04fb3380b6c47414db392432eb713d7a) Importer(815301076,1909f56bfc062723c751e8b465ee728b)
Start importing Assets/Prefab/Anemone.prefab using Guid(04fb3380b6c47414db392432eb713d7a) Importer(815301076,1909f56bfc062723c751e8b465ee728b)  -> (artifact id: 'de1eb7ce8db17ff3a56a07678c88522f') in 0.014593 seconds 
========================================================================
Received Import Request.
  Time since last request: 154.496987 seconds.
  path: Assets/Prefab/BackgroundLog.prefab
  artifactKey: Guid(eca54ac8bd5e3dd4aaea98fe5aae06b5) Importer(815301076,1909f56bfc062723c751e8b465ee728b)
Start importing Assets/Prefab/BackgroundLog.prefab using Guid(eca54ac8bd5e3dd4aaea98fe5aae06b5) Importer(815301076,1909f56bfc062723c751e8b465ee728b)  -> (artifact id: 'd9d21a8c7a9e26dbe729d31e19033c5a') in 0.013872 seconds 
========================================================================
Received Import Request.
  Time since last request: 99.107094 seconds.
  path: Assets/Prefab/BackgroundLog.prefab
  artifactKey: Guid(eca54ac8bd5e3dd4aaea98fe5aae06b5) Importer(815301076,1909f56bfc062723c751e8b465ee728b)
Start importing Assets/Prefab/BackgroundLog.prefab using Guid(eca54ac8bd5e3dd4aaea98fe5aae06b5) Importer(815301076,1909f56bfc062723c751e8b465ee728b)  -> (artifact id: 'c9c32ff6bcc7633b5ae43064c9958bec') in 0.010602 seconds 
========================================================================
Received Import Request.
  Time since last request: 1.659374 seconds.
  path: Assets/Prefab/Anemone.prefab
  artifactKey: Guid(04fb3380b6c47414db392432eb713d7a) Importer(815301076,1909f56bfc062723c751e8b465ee728b)
Start importing Assets/Prefab/Anemone.prefab using Guid(04fb3380b6c47414db392432eb713d7a) Importer(815301076,1909f56bfc062723c751e8b465ee728b)  -> (artifact id: '7c063b5da04f98c50bd724d896521e03') in 0.010574 seconds 
========================================================================
Received Prepare
Registering precompiled user dll's ...
Registered in 0.009886 seconds.
Begin MonoManager ReloadAssembly
Symbol file LoadedFromMemory doesn't match image C:\Users\Philipp\Documents\GitHub\Maturaarbeit\My Game\Library\PackageCache\com.unity.visualscripting@1.7.8\Editor\VisualScripting.Core\Dependencies\YamlDotNet\Unity.VisualScripting.YamlDotNet.dll
Symbol file LoadedFromMemory doesn't match image C:\Users\Philipp\Documents\GitHub\Maturaarbeit\My Game\Library\PackageCache\com.unity.visualscripting@1.7.8\Editor\VisualScripting.Core\Dependencies\DotNetZip\Unity.VisualScripting.IonicZip.dll
Native extension for WindowsStandalone target not found
Refreshing native plugins compatible for Editor in 1.71 ms, found 4 plugins.
Preloading 0 native plugins for Editor in 0.00 ms.
Mono: successfully reloaded assembly
- Completed reload, in  1.325 seconds
Domain Reload Profiling:
	ReloadAssembly (1326ms)
		BeginReloadAssembly (156ms)
			ExecutionOrderSort (0ms)
			DisableScriptedObjects (6ms)
			BackupInstance (0ms)
			ReleaseScriptingObjects (0ms)
			CreateAndSetChildDomain (45ms)
		EndReloadAssembly (1054ms)
			LoadAssemblies (103ms)
			RebuildTransferFunctionScriptingTraits (0ms)
			SetupTypeCache (292ms)
			ReleaseScriptCaches (2ms)
			RebuildScriptCaches (61ms)
			SetupLoadedEditorAssemblies (536ms)
				LogAssemblyErrors (0ms)
				InitializePlatformSupportModulesInManaged (13ms)
				SetLoadedEditorAssemblies (1ms)
				RefreshPlugins (2ms)
				BeforeProcessingInitializeOnLoad (106ms)
				ProcessInitializeOnLoadAttributes (355ms)
				ProcessInitializeOnLoadMethodAttributes (48ms)
				AfterProcessingInitializeOnLoad (11ms)
				EditorAssembliesLoaded (0ms)
			ExecutionOrderSort2 (0ms)
			AwakeInstancesAfterBackupRestoration (12ms)
Platform modules already initialized, skipping
Refreshing native plugins compatible for Editor in 4.11 ms, found 4 plugins.
Preloading 0 native plugins for Editor in 0.00 ms.
Unloading 4592 Unused Serialized files (Serialized files now loaded: 0)
Unloading 28 unused Assets / (95.3 KB). Loaded Objects now: 5113.
Memory consumption went from 260.8 MB to 260.8 MB.
Total: 4.133600 ms (FindLiveObjects: 0.548000 ms CreateObjectMapping: 0.117100 ms MarkObjects: 3.391000 ms  DeleteObjects: 0.076100 ms)

AssetImportParameters requested are different than current active one (requested -> active):
  custom:video-decoder-ogg-theora: a1e56fd34408186e4bbccfd4996cb3dc -> 
  custom:container-muxer-webm: aa71ff27fc2769a1b78a27578f13a17b -> 
  custom:container-demuxer-webm: 4f35f7cbe854078d1ac9338744f61a02 -> 
  custom:video-encoder-webm-vp8: eb34c28f22e8b96e1ab97ce403110664 -> 
  custom:audio-encoder-webm-vorbis: bf7c407c2cedff20999df2af8eb42d56 -> 
  custom:framework-win-MediaFoundation: 216162199b28c13a410421893ffa2e32 -> 
  custom:container-demuxer-ogg: 62fdf1f143b41e24485cea50d1cbac27 -> 
  custom:video-decoder-webm-vp8: 9c59270c3fd7afecdb556c50c9e8de78 -> 
  custom:audio-decoder-ogg-vorbis: bf7c407c2cedff20999df2af8eb42d56 -> 
========================================================================
Received Prepare
Registering precompiled user dll's ...
Registered in 0.012081 seconds.
Begin MonoManager ReloadAssembly
Symbol file LoadedFromMemory doesn't match image C:\Users\Philipp\Documents\GitHub\Maturaarbeit\My Game\Library\PackageCache\com.unity.visualscripting@1.7.8\Editor\VisualScripting.Core\Dependencies\YamlDotNet\Unity.VisualScripting.YamlDotNet.dll
Symbol file LoadedFromMemory doesn't match image C:\Users\Philipp\Documents\GitHub\Maturaarbeit\My Game\Library\PackageCache\com.unity.visualscripting@1.7.8\Editor\VisualScripting.Core\Dependencies\DotNetZip\Unity.VisualScripting.IonicZip.dll
Native extension for WindowsStandalone target not found
Refreshing native plugins compatible for Editor in 1.67 ms, found 4 plugins.
Preloading 0 native plugins for Editor in 0.00 ms.
Mono: successfully reloaded assembly
- Completed reload, in  1.403 seconds
Domain Reload Profiling:
	ReloadAssembly (1404ms)
		BeginReloadAssembly (154ms)
			ExecutionOrderSort (0ms)
			DisableScriptedObjects (7ms)
			BackupInstance (0ms)
			ReleaseScriptingObjects (0ms)
			CreateAndSetChildDomain (42ms)
		EndReloadAssembly (1130ms)
			LoadAssemblies (105ms)
			RebuildTransferFunctionScriptingTraits (0ms)
			SetupTypeCache (253ms)
			ReleaseScriptCaches (2ms)
			RebuildScriptCaches (59ms)
			SetupLoadedEditorAssemblies (637ms)
				LogAssemblyErrors (0ms)
				InitializePlatformSupportModulesInManaged (13ms)
				SetLoadedEditorAssemblies (1ms)
				RefreshPlugins (2ms)
				BeforeProcessingInitializeOnLoad (109ms)
				ProcessInitializeOnLoadAttributes (450ms)
				ProcessInitializeOnLoadMethodAttributes (50ms)
				AfterProcessingInitializeOnLoad (13ms)
				EditorAssembliesLoaded (0ms)
			ExecutionOrderSort2 (0ms)
			AwakeInstancesAfterBackupRestoration (13ms)
Platform modules already initialized, skipping
Refreshing native plugins compatible for Editor in 4.38 ms, found 4 plugins.
Preloading 0 native plugins for Editor in 0.00 ms.
Unloading 4592 Unused Serialized files (Serialized files now loaded: 0)
Unloading 28 unused Assets / (95.4 KB). Loaded Objects now: 5128.
Memory consumption went from 260.9 MB to 260.8 MB.
Total: 4.437000 ms (FindLiveObjects: 0.477700 ms CreateObjectMapping: 0.117000 ms MarkObjects: 3.788000 ms  DeleteObjects: 0.053100 ms)

AssetImportParameters requested are different than current active one (requested -> active):
  custom:video-decoder-ogg-theora: a1e56fd34408186e4bbccfd4996cb3dc -> 
  custom:container-muxer-webm: aa71ff27fc2769a1b78a27578f13a17b -> 
  custom:container-demuxer-webm: 4f35f7cbe854078d1ac9338744f61a02 -> 
  custom:video-encoder-webm-vp8: eb34c28f22e8b96e1ab97ce403110664 -> 
  custom:audio-encoder-webm-vorbis: bf7c407c2cedff20999df2af8eb42d56 -> 
  custom:framework-win-MediaFoundation: 216162199b28c13a410421893ffa2e32 -> 
  custom:container-demuxer-ogg: 62fdf1f143b41e24485cea50d1cbac27 -> 
  custom:video-decoder-webm-vp8: 9c59270c3fd7afecdb556c50c9e8de78 -> 
  custom:audio-decoder-ogg-vorbis: bf7c407c2cedff20999df2af8eb42d56 -> 
========================================================================
Received Import Request.
  Time since last request: 968.648619 seconds.
  path: Assets/Prefab/FallingPlatformParts.prefab
  artifactKey: Guid(477154c483c98ae4bbf7f4c3b87769dd) Importer(815301076,1909f56bfc062723c751e8b465ee728b)
Start importing Assets/Prefab/FallingPlatformParts.prefab using Guid(477154c483c98ae4bbf7f4c3b87769dd) Importer(815301076,1909f56bfc062723c751e8b465ee728b)  -> (artifact id: '63e6915db111991768843b695580e90e') in 0.070147 seconds 
========================================================================
Received Import Request.
  Time since last request: 18.228452 seconds.
  path: Assets/Prefab/MushroomRoom4.prefab
  artifactKey: Guid(71f6320e30b7f394197f962697edb383) Importer(815301076,1909f56bfc062723c751e8b465ee728b)
Start importing Assets/Prefab/MushroomRoom4.prefab using Guid(71f6320e30b7f394197f962697edb383) Importer(815301076,1909f56bfc062723c751e8b465ee728b)  -> (artifact id: '89f5354d8bc89098e5562b8f8f970a8b') in 0.014637 seconds 
========================================================================
Received Import Request.
  Time since last request: 1192.239197 seconds.
  path: Assets/Prefab/Anemone.prefab
  artifactKey: Guid(04fb3380b6c47414db392432eb713d7a) Importer(815301076,1909f56bfc062723c751e8b465ee728b)
Start importing Assets/Prefab/Anemone.prefab using Guid(04fb3380b6c47414db392432eb713d7a) Importer(815301076,1909f56bfc062723c751e8b465ee728b)  -> (artifact id: '93ca1636a512ba875508ab4e0390a986') in 0.023380 seconds 
